NotepadPlusPlus/app/build/intermediates/manifest_merge_blame_file/debug/manifest-merger-blame-debug-report.txt
1<?xml version="1.0" encoding="utf-8"?>
2<manifest xmlns:android="http://schemas.android.com/apk/res/android"
3    package="com.smartnotes.notepadplusplus"
4    android:versionCode="2"
5    android:versionName="2.0.0" >
6
7    <uses-sdk
8        android:minSdkVersion="24"
9        android:targetSdkVersion="34" />
10
11    <uses-permission android:name="android.permission.INTERNET" />
11-->src/main/AndroidManifest.xml:5:5-67
11-->src/main/AndroidManifest.xml:5:22-64
12    <uses-permission android:name="android.permission.ACCESS_NETWORK_STATE" />
12-->src/main/AndroidManifest.xml:6:5-79
12-->src/main/AndroidManifest.xml:6:22-76
13    <uses-permission android:name="android.permission.USE_BIOMETRIC" />
13-->src/main/AndroidManifest.xml:7:5-72
13-->src/main/AndroidManifest.xml:7:22-69
14    <uses-permission android:name="android.permission.USE_FINGERPRINT" />
14-->src/main/AndroidManifest.xml:8:5-74
14-->src/main/AndroidManifest.xml:8:22-71
15    <uses-permission android:name="android.permission.SCHEDULE_EXACT_ALARM" />
15-->src/main/AndroidManifest.xml:9:5-79
15-->src/main/AndroidManifest.xml:9:22-76
16    <uses-permission android:name="android.permission.POST_NOTIFICATIONS" />
16-->src/main/AndroidManifest.xml:10:5-77
16-->src/main/AndroidManifest.xml:10:22-74
17    <uses-permission android:name="android.permission.RECEIVE_BOOT_COMPLETED" />
17-->src/main/AndroidManifest.xml:11:5-81
17-->src/main/AndroidManifest.xml:11:22-78
18    <uses-permission android:name="android.permission.VIBRATE" />
18-->src/main/AndroidManifest.xml:12:5-66
18-->src/main/AndroidManifest.xml:12:22-63
19    <uses-permission
19-->src/main/AndroidManifest.xml:13:5-14:38
20        android:name="android.permission.READ_EXTERNAL_STORAGE"
20-->src/main/AndroidManifest.xml:13:22-77
21        android:maxSdkVersion="32" />
21-->src/main/AndroidManifest.xml:14:9-35
22    <uses-permission
22-->src/main/AndroidManifest.xml:15:5-16:38
23        android:name="android.permission.WRITE_EXTERNAL_STORAGE"
23-->src/main/AndroidManifest.xml:15:22-78
24        android:maxSdkVersion="29" />
24-->src/main/AndroidManifest.xml:16:9-35
25    <uses-permission android:name="com.google.android.gms.permission.AD_ID" />
25-->[com.google.android.gms:play-services-ads-lite:22.6.0] AndroidManifest.xml:26:5-79
25-->[com.google.android.gms:play-services-ads-lite:22.6.0] AndroidManifest.xml:26:22-76
26    <uses-permission android:name="android.permission.ACCESS_ADSERVICES_AD_ID" />
26-->[com.google.android.gms:play-services-ads-lite:22.6.0] AndroidManifest.xml:27:5-82
26-->[com.google.android.gms:play-services-ads-lite:22.6.0] AndroidManifest.xml:27:22-79
27    <uses-permission android:name="android.permission.ACCESS_ADSERVICES_ATTRIBUTION" />
27-->[com.google.android.gms:play-services-ads-lite:22.6.0] AndroidManifest.xml:28:5-88
27-->[com.google.android.gms:play-services-ads-lite:22.6.0] AndroidManifest.xml:28:22-85
28    <uses-permission android:name="android.permission.ACCESS_ADSERVICES_TOPICS" /> <!-- Android package visibility setting -->
28-->[com.google.android.gms:play-services-ads-lite:22.6.0] AndroidManifest.xml:29:5-83
28-->[com.google.android.gms:play-services-ads-lite:22.6.0] AndroidManifest.xml:29:22-80
29    <queries>
29-->[com.google.android.gms:play-services-ads-lite:22.6.0] AndroidManifest.xml:35:5-51:15
30
31        <!-- For browser content -->
32        <intent>
32-->[com.google.android.gms:play-services-ads-lite:22.6.0] AndroidManifest.xml:38:9-44:18
33            <action android:name="android.intent.action.VIEW" />
33-->[com.google.android.gms:play-services-ads-lite:22.6.0] AndroidManifest.xml:39:13-65
33-->[com.google.android.gms:play-services-ads-lite:22.6.0] AndroidManifest.xml:39:21-62
34
35            <category android:name="android.intent.category.BROWSABLE" />
35-->[com.google.android.gms:play-services-ads-lite:22.6.0] AndroidManifest.xml:41:13-74
35-->[com.google.android.gms:play-services-ads-lite:22.6.0] AndroidManifest.xml:41:23-71
36
37            <data android:scheme="https" />
37-->[com.google.android.gms:play-services-ads-lite:22.6.0] AndroidManifest.xml:43:13-44
37-->[com.google.android.gms:play-services-ads-lite:22.6.0] AndroidManifest.xml:43:19-41
38        </intent>
39        <!-- End of browser content -->
40        <!-- For CustomTabsService -->
41        <intent>
41-->[com.google.android.gms:play-services-ads-lite:22.6.0] AndroidManifest.xml:47:9-49:18
42            <action android:name="android.support.customtabs.action.CustomTabsService" />
42-->[com.google.android.gms:play-services-ads-lite:22.6.0] AndroidManifest.xml:48:13-90
42-->[com.google.android.gms:play-services-ads-lite:22.6.0] AndroidManifest.xml:48:21-87
43        </intent>
44        <!-- End of CustomTabsService -->
45    </queries>
46
47    <uses-permission android:name="android.permission.WAKE_LOCK" />
47-->[com.google.android.gms:play-services-measurement-sdk-api:20.1.2] AndroidManifest.xml:25:5-68
47-->[com.google.android.gms:play-services-measurement-sdk-api:20.1.2] AndroidManifest.xml:25:22-65
48    <uses-permission android:name="android.permission.FOREGROUND_SERVICE" />
48-->[androidx.work:work-runtime:2.9.0] AndroidManifest.xml:26:5-77
48-->[androidx.work:work-runtime:2.9.0] AndroidManifest.xml:26:22-74
49
50    <permission
50-->[androidx.core:core:1.12.0] AndroidManifest.xml:22:5-24:47
51        android:name="com.smartnotes.notepadplusplus.DYNAMIC_RECEIVER_NOT_EXPORTED_PERMISSION"
51-->[androidx.core:core:1.12.0] AndroidManifest.xml:23:9-81
52        android:protectionLevel="signature" />
52-->[androidx.core:core:1.12.0] AndroidManifest.xml:24:9-44
53
54    <uses-permission android:name="com.smartnotes.notepadplusplus.DYNAMIC_RECEIVER_NOT_EXPORTED_PERMISSION" />
54-->[androidx.core:core:1.12.0] AndroidManifest.xml:26:5-97
54-->[androidx.core:core:1.12.0] AndroidManifest.xml:26:22-94
55
56    <application
56-->src/main/AndroidManifest.xml:18:5-85:19
57        android:name="com.smartnotes.notepadplusplus.NoteApplication"
57-->src/main/AndroidManifest.xml:19:9-40
58        android:allowBackup="false"
58-->src/main/AndroidManifest.xml:20:9-36
59        android:appComponentFactory="androidx.core.app.CoreComponentFactory"
59-->[androidx.core:core:1.12.0] AndroidManifest.xml:28:18-86
60        android:dataExtractionRules="@xml/data_extraction_rules"
60-->src/main/AndroidManifest.xml:21:9-65
61        android:debuggable="true"
62        android:extractNativeLibs="false"
63        android:fullBackupContent="@xml/backup_rules"
63-->src/main/AndroidManifest.xml:22:9-54
64        android:icon="@mipmap/ic_launcher"
64-->src/main/AndroidManifest.xml:23:9-43
65        android:label="@string/app_name"
65-->src/main/AndroidManifest.xml:25:9-41
66        android:roundIcon="@mipmap/ic_launcher_round"
66-->src/main/AndroidManifest.xml:24:9-54
67        android:supportsRtl="true"
67-->src/main/AndroidManifest.xml:26:9-35
68        android:theme="@style/Theme.NotepadPlusPlus" >
68-->src/main/AndroidManifest.xml:27:9-53
69
70        <!-- AdMob App ID -->
71        <meta-data
71-->src/main/AndroidManifest.xml:31:9-33:69
72            android:name="ca-app-pub-1607968585289432~5123982781"
72-->src/main/AndroidManifest.xml:32:13-66
73            android:value="ca-app-pub-1607968585289432/7171561623" />
73-->src/main/AndroidManifest.xml:33:13-67
74
75        <!-- Preloaded fonts meta-data -->
76        <meta-data
76-->src/main/AndroidManifest.xml:36:9-38:57
77            android:name="preloaded_fonts"
77-->src/main/AndroidManifest.xml:37:13-43
78            android:resource="@array/preloaded_fonts" />
78-->src/main/AndroidManifest.xml:38:13-54
79
80        <activity
80-->src/main/AndroidManifest.xml:40:9-48:20
81            android:name="com.smartnotes.notepadplusplus.ui.splash.SplashActivity"
81-->src/main/AndroidManifest.xml:40:19-59
82            android:exported="true"
82-->src/main/AndroidManifest.xml:41:13-36
83            android:screenOrientation="portrait"
83-->src/main/AndroidManifest.xml:43:13-49
84            android:theme="@style/Theme.NotepadPlusPlus.Splash" >
84-->src/main/AndroidManifest.xml:42:13-64
85            <intent-filter>
85-->src/main/AndroidManifest.xml:44:13-47:29
86                <action android:name="android.intent.action.MAIN" />
86-->src/main/AndroidManifest.xml:45:17-69
86-->src/main/AndroidManifest.xml:45:25-66
87
88                <category android:name="android.intent.category.LAUNCHER" />
88-->src/main/AndroidManifest.xml:46:17-77
88-->src/main/AndroidManifest.xml:46:27-74
89            </intent-filter>
90        </activity>
91        <activity
91-->src/main/AndroidManifest.xml:50:9-51:58
92            android:name="com.smartnotes.notepadplusplus.ui.noteslist.NotesListActivity"
92-->src/main/AndroidManifest.xml:50:19-65
93            android:exported="false"
93-->src/main/AndroidManifest.xml:50:66-90
94            android:windowSoftInputMode="adjustResize" />
94-->src/main/AndroidManifest.xml:51:13-55
95        <activity
95-->src/main/AndroidManifest.xml:53:9-54:58
96            android:name="com.smartnotes.notepadplusplus.ui.addedit.AddEditNoteActivity"
96-->src/main/AndroidManifest.xml:53:19-65
97            android:exported="false"
97-->src/main/AndroidManifest.xml:53:66-90
98            android:windowSoftInputMode="adjustResize" />
98-->src/main/AndroidManifest.xml:54:13-55
99        <activity
99-->src/main/AndroidManifest.xml:56:9-91
100            android:name="com.smartnotes.notepadplusplus.ui.detail.NoteDetailActivity"
100-->src/main/AndroidManifest.xml:56:19-63
101            android:exported="false" />
101-->src/main/AndroidManifest.xml:56:64-88
102        <activity
102-->src/main/AndroidManifest.xml:58:9-91
103            android:name="com.smartnotes.notepadplusplus.ui.settings.SettingsActivity"
103-->src/main/AndroidManifest.xml:58:19-63
104            android:exported="false" />
104-->src/main/AndroidManifest.xml:58:64-88
105        <activity
105-->src/main/AndroidManifest.xml:60:9-94
106            android:name="com.smartnotes.notepadplusplus.ui.backup.BackupRestoreActivity"
106-->src/main/AndroidManifest.xml:60:19-66
107            android:exported="false" />
107-->src/main/AndroidManifest.xml:60:67-91
108        <activity
108-->src/main/AndroidManifest.xml:62:9-95
109            android:name="com.smartnotes.notepadplusplus.ui.privacy.PrivacyPolicyActivity"
109-->src/main/AndroidManifest.xml:62:19-67
110            android:exported="false" />
110-->src/main/AndroidManifest.xml:62:68-92
111        <activity
111-->src/main/AndroidManifest.xml:63:9-87
112            android:name="com.smartnotes.notepadplusplus.ui.privacy.TermsActivity"
112-->src/main/AndroidManifest.xml:63:19-59
113            android:exported="false" />
113-->src/main/AndroidManifest.xml:63:60-84
114
115        <!-- Notification channel and receiver for reminders -->
116        <receiver
116-->src/main/AndroidManifest.xml:66:9-67:40
117            android:name="com.smartnotes.notepadplusplus.receivers.ReminderReceiver"
117-->src/main/AndroidManifest.xml:66:19-61
118            android:exported="false" />
118-->src/main/AndroidManifest.xml:67:13-37
119        <receiver
119-->src/main/AndroidManifest.xml:69:9-74:20
120            android:name="com.smartnotes.notepadplusplus.receivers.BootReceiver"
120-->src/main/AndroidManifest.xml:69:19-57
121            android:exported="true" >
121-->src/main/AndroidManifest.xml:70:13-36
122            <intent-filter>
122-->src/main/AndroidManifest.xml:71:13-73:29
123                <action android:name="android.intent.action.BOOT_COMPLETED" />
123-->src/main/AndroidManifest.xml:72:17-79
123-->src/main/AndroidManifest.xml:72:25-76
124            </intent-filter>
125        </receiver>
126
127        <provider
128            android:name="androidx.core.content.FileProvider"
128-->src/main/AndroidManifest.xml:77:13-62
129            android:authorities="com.smartnotes.notepadplusplus.fileprovider"
129-->src/main/AndroidManifest.xml:78:13-64
130            android:exported="false"
130-->src/main/AndroidManifest.xml:79:13-37
131            android:grantUriPermissions="true" >
131-->src/main/AndroidManifest.xml:80:13-47
132            <meta-data
132-->src/main/AndroidManifest.xml:81:13-83:63
133                android:name="android.support.FILE_PROVIDER_PATHS"
133-->src/main/AndroidManifest.xml:82:17-67
134                android:resource="@xml/file_provider_paths" />
134-->src/main/AndroidManifest.xml:83:17-60
135        </provider>
136        <!-- Include the AdActivity and InAppPurchaseActivity configChanges and themes. -->
137        <activity
137-->[com.google.android.gms:play-services-ads-lite:22.6.0] AndroidManifest.xml:56:9-61:43
138            android:name="com.google.android.gms.ads.AdActivity"
138-->[com.google.android.gms:play-services-ads-lite:22.6.0] AndroidManifest.xml:57:13-65
139            android:configChanges="keyboard|keyboardHidden|orientation|screenLayout|uiMode|screenSize|smallestScreenSize"
139-->[com.google.android.gms:play-services-ads-lite:22.6.0] AndroidManifest.xml:58:13-122
140            android:exported="false"
140-->[com.google.android.gms:play-services-ads-lite:22.6.0] AndroidManifest.xml:59:13-37
141            android:theme="@android:style/Theme.Translucent" />
141-->[com.google.android.gms:play-services-ads-lite:22.6.0] AndroidManifest.xml:60:13-61
142
143        <provider
143-->[com.google.android.gms:play-services-ads-lite:22.6.0] AndroidManifest.xml:63:9-68:43
144            android:name="com.google.android.gms.ads.MobileAdsInitProvider"
144-->[com.google.android.gms:play-services-ads-lite:22.6.0] AndroidManifest.xml:64:13-76
145            android:authorities="com.smartnotes.notepadplusplus.mobileadsinitprovider"
145-->[com.google.android.gms:play-services-ads-lite:22.6.0] AndroidManifest.xml:65:13-73
146            android:exported="false"
146-->[com.google.android.gms:play-services-ads-lite:22.6.0] AndroidManifest.xml:66:13-37
147            android:initOrder="100" />
147-->[com.google.android.gms:play-services-ads-lite:22.6.0] AndroidManifest.xml:67:13-36
148
149        <service
149-->[com.google.android.gms:play-services-ads-lite:22.6.0] AndroidManifest.xml:70:9-74:43
150            android:name="com.google.android.gms.ads.AdService"
150-->[com.google.android.gms:play-services-ads-lite:22.6.0] AndroidManifest.xml:71:13-64
151            android:enabled="true"
151-->[com.google.android.gms:play-services-ads-lite:22.6.0] AndroidManifest.xml:72:13-35
152            android:exported="false" />
152-->[com.google.android.gms:play-services-ads-lite:22.6.0] AndroidManifest.xml:73:13-37
153
154        <activity
154-->[com.google.android.gms:play-services-ads-lite:22.6.0] AndroidManifest.xml:76:9-80:43
155            android:name="com.google.android.gms.ads.OutOfContextTestingActivity"
155-->[com.google.android.gms:play-services-ads-lite:22.6.0] AndroidManifest.xml:77:13-82
156            android:configChanges="keyboard|keyboardHidden|orientation|screenLayout|uiMode|screenSize|smallestScreenSize"
156-->[com.google.android.gms:play-services-ads-lite:22.6.0] AndroidManifest.xml:78:13-122
157            android:exported="false" />
157-->[com.google.android.gms:play-services-ads-lite:22.6.0] AndroidManifest.xml:79:13-37
158        <activity
158-->[com.google.android.gms:play-services-ads-lite:22.6.0] AndroidManifest.xml:81:9-88:43
159            android:name="com.google.android.gms.ads.NotificationHandlerActivity"
159-->[com.google.android.gms:play-services-ads-lite:22.6.0] AndroidManifest.xml:82:13-82
160            android:excludeFromRecents="true"
160-->[com.google.android.gms:play-services-ads-lite:22.6.0] AndroidManifest.xml:83:13-46
161            android:exported="false"
161-->[com.google.android.gms:play-services-ads-lite:22.6.0] AndroidManifest.xml:84:13-37
162            android:launchMode="singleTask"
162-->[com.google.android.gms:play-services-ads-lite:22.6.0] AndroidManifest.xml:85:13-44
163            android:taskAffinity=""
163-->[com.google.android.gms:play-services-ads-lite:22.6.0] AndroidManifest.xml:86:13-36
164            android:theme="@android:style/Theme.Translucent.NoTitleBar" />
164-->[com.google.android.gms:play-services-ads-lite:22.6.0] AndroidManifest.xml:87:13-72
165
166        <property
166-->[com.google.android.gms:play-services-ads-lite:22.6.0] AndroidManifest.xml:90:9-92:62
167            android:name="android.adservices.AD_SERVICES_CONFIG"
167-->[com.google.android.gms:play-services-ads-lite:22.6.0] AndroidManifest.xml:91:13-65
168            android:resource="@xml/gma_ad_services_config" />
168-->[com.google.android.gms:play-services-ads-lite:22.6.0] AndroidManifest.xml:92:13-59
169
170        <activity
170-->[com.google.android.gms:play-services-base:18.0.0] AndroidManifest.xml:20:9-22:45
171            android:name="com.google.android.gms.common.api.GoogleApiActivity"
171-->[com.google.android.gms:play-services-base:18.0.0] AndroidManifest.xml:20:19-85
172            android:exported="false"
172-->[com.google.android.gms:play-services-base:18.0.0] AndroidManifest.xml:22:19-43
173            android:theme="@android:style/Theme.Translucent.NoTitleBar" />
173-->[com.google.android.gms:play-services-base:18.0.0] AndroidManifest.xml:21:19-78
174
175        <meta-data
175-->[com.google.android.gms:play-services-basement:18.2.0] AndroidManifest.xml:21:9-23:69
176            android:name="com.google.android.gms.version"
176-->[com.google.android.gms:play-services-basement:18.2.0] AndroidManifest.xml:22:13-58
177            android:value="@integer/google_play_services_version" />
177-->[com.google.android.gms:play-services-basement:18.2.0] AndroidManifest.xml:23:13-66
178
179        <provider
179-->[androidx.emoji2:emoji2:1.2.0] AndroidManifest.xml:24:9-32:20
180            android:name="androidx.startup.InitializationProvider"
180-->[androidx.emoji2:emoji2:1.2.0] AndroidManifest.xml:25:13-67
181            android:authorities="com.smartnotes.notepadplusplus.androidx-startup"
181-->[androidx.emoji2:emoji2:1.2.0] AndroidManifest.xml:26:13-68
182            android:exported="false" >
182-->[androidx.emoji2:emoji2:1.2.0] AndroidManifest.xml:27:13-37
183            <meta-data
183-->[androidx.emoji2:emoji2:1.2.0] AndroidManifest.xml:29:13-31:52
184                android:name="androidx.emoji2.text.EmojiCompatInitializer"
184-->[androidx.emoji2:emoji2:1.2.0] AndroidManifest.xml:30:17-75
185                android:value="androidx.startup" />
185-->[androidx.emoji2:emoji2:1.2.0] AndroidManifest.xml:31:17-49
186            <meta-data
186-->[androidx.work:work-runtime:2.9.0] AndroidManifest.xml:34:13-36:52
187                android:name="androidx.work.WorkManagerInitializer"
187-->[androidx.work:work-runtime:2.9.0] AndroidManifest.xml:35:17-68
188                android:value="androidx.startup" />
188-->[androidx.work:work-runtime:2.9.0] AndroidManifest.xml:36:17-49
189            <meta-data
189-->[androidx.lifecycle:lifecycle-process:2.7.0] AndroidManifest.xml:29:13-31:52
190                android:name="androidx.lifecycle.ProcessLifecycleInitializer"
190-->[androidx.lifecycle:lifecycle-process:2.7.0] AndroidManifest.xml:30:17-78
191                android:value="androidx.startup" />
191-->[androidx.lifecycle:lifecycle-process:2.7.0] AndroidManifest.xml:31:17-49
192            <meta-data
192-->[androidx.profileinstaller:profileinstaller:1.3.0] AndroidManifest.xml:29:13-31:52
193                android:name="androidx.profileinstaller.ProfileInstallerInitializer"
193-->[androidx.profileinstaller:profileinstaller:1.3.0] AndroidManifest.xml:30:17-85
194                android:value="androidx.startup" />
194-->[androidx.profileinstaller:profileinstaller:1.3.0] AndroidManifest.xml:31:17-49
195        </provider>
196
197        <service
197-->[androidx.work:work-runtime:2.9.0] AndroidManifest.xml:39:9-45:35
198            android:name="androidx.work.impl.background.systemalarm.SystemAlarmService"
198-->[androidx.work:work-runtime:2.9.0] AndroidManifest.xml:40:13-88
199            android:directBootAware="false"
199-->[androidx.work:work-runtime:2.9.0] AndroidManifest.xml:41:13-44
200            android:enabled="@bool/enable_system_alarm_service_default"
200-->[androidx.work:work-runtime:2.9.0] AndroidManifest.xml:42:13-72
201            android:exported="false" />
201-->[androidx.work:work-runtime:2.9.0] AndroidManifest.xml:43:13-37
202        <service
202-->[androidx.work:work-runtime:2.9.0] AndroidManifest.xml:46:9-52:35
203            android:name="androidx.work.impl.background.systemjob.SystemJobService"
203-->[androidx.work:work-runtime:2.9.0] AndroidManifest.xml:47:13-84
204            android:directBootAware="false"
204-->[androidx.work:work-runtime:2.9.0] AndroidManifest.xml:48:13-44
205            android:enabled="@bool/enable_system_job_service_default"
205-->[androidx.work:work-runtime:2.9.0] AndroidManifest.xml:49:13-70
206            android:exported="true"
206-->[androidx.work:work-runtime:2.9.0] AndroidManifest.xml:50:13-36
207            android:permission="android.permission.BIND_JOB_SERVICE" />
207-->[androidx.work:work-runtime:2.9.0] AndroidManifest.xml:51:13-69
208        <service
208-->[androidx.work:work-runtime:2.9.0] AndroidManifest.xml:53:9-59:35
209            android:name="androidx.work.impl.foreground.SystemForegroundService"
209-->[androidx.work:work-runtime:2.9.0] AndroidManifest.xml:54:13-81
210            android:directBootAware="false"
210-->[androidx.work:work-runtime:2.9.0] AndroidManifest.xml:55:13-44
211            android:enabled="@bool/enable_system_foreground_service_default"
211-->[androidx.work:work-runtime:2.9.0] AndroidManifest.xml:56:13-77
212            android:exported="false" />
212-->[androidx.work:work-runtime:2.9.0] AndroidManifest.xml:57:13-37
213
214        <receiver
214-->[androidx.work:work-runtime:2.9.0] AndroidManifest.xml:61:9-66:35
215            android:name="androidx.work.impl.utils.ForceStopRunnable$BroadcastReceiver"
215-->[androidx.work:work-runtime:2.9.0] AndroidManifest.xml:62:13-88
216            android:directBootAware="false"
216-->[androidx.work:work-runtime:2.9.0] AndroidManifest.xml:63:13-44
217            android:enabled="true"
217-->[androidx.work:work-runtime:2.9.0] AndroidManifest.xml:64:13-35
218            android:exported="false" />
218-->[androidx.work:work-runtime:2.9.0] AndroidManifest.xml:65:13-37
219        <receiver
219-->[androidx.work:work-runtime:2.9.0] AndroidManifest.xml:67:9-77:20
220            android:name="androidx.work.impl.background.systemalarm.ConstraintProxy$BatteryChargingProxy"
220-->[androidx.work:work-runtime:2.9.0] AndroidManifest.xml:68:13-106
221            android:directBootAware="false"
221-->[androidx.work:work-runtime:2.9.0] AndroidManifest.xml:69:13-44
222            android:enabled="false"
222-->[androidx.work:work-runtime:2.9.0] AndroidManifest.xml:70:13-36
223            android:exported="false" >
223-->[androidx.work:work-runtime:2.9.0] AndroidManifest.xml:71:13-37
224            <intent-filter>
224-->[androidx.work:work-runtime:2.9.0] AndroidManifest.xml:73:13-76:29
225                <action android:name="android.intent.action.ACTION_POWER_CONNECTED" />
225-->[androidx.work:work-runtime:2.9.0] AndroidManifest.xml:74:17-87
225-->[androidx.work:work-runtime:2.9.0] AndroidManifest.xml:74:25-84
226                <action android:name="android.intent.action.ACTION_POWER_DISCONNECTED" />
226-->[androidx.work:work-runtime:2.9.0] AndroidManifest.xml:75:17-90
226-->[androidx.work:work-runtime:2.9.0] AndroidManifest.xml:75:25-87
227            </intent-filter>
228        </receiver>
229        <receiver
229-->[androidx.work:work-runtime:2.9.0] AndroidManifest.xml:78:9-88:20
230            android:name="androidx.work.impl.background.systemalarm.ConstraintProxy$BatteryNotLowProxy"
230-->[androidx.work:work-runtime:2.9.0] AndroidManifest.xml:79:13-104
231            android:directBootAware="false"
231-->[androidx.work:work-runtime:2.9.0] AndroidManifest.xml:80:13-44
232            android:enabled="false"
232-->[androidx.work:work-runtime:2.9.0] AndroidManifest.xml:81:13-36
233            android:exported="false" >
233-->[androidx.work:work-runtime:2.9.0] AndroidManifest.xml:82:13-37
234            <intent-filter>
234-->[androidx.work:work-runtime:2.9.0] AndroidManifest.xml:84:13-87:29
235                <action android:name="android.intent.action.BATTERY_OKAY" />
235-->[androidx.work:work-runtime:2.9.0] AndroidManifest.xml:85:17-77
235-->[androidx.work:work-runtime:2.9.0] AndroidManifest.xml:85:25-74
236                <action android:name="android.intent.action.BATTERY_LOW" />
236-->[androidx.work:work-runtime:2.9.0] AndroidManifest.xml:86:17-76
236-->[androidx.work:work-runtime:2.9.0] AndroidManifest.xml:86:25-73
237            </intent-filter>
238        </receiver>
239        <receiver
239-->[androidx.work:work-runtime:2.9.0] AndroidManifest.xml:89:9-99:20
240            android:name="androidx.work.impl.background.systemalarm.ConstraintProxy$StorageNotLowProxy"
240-->[androidx.work:work-runtime:2.9.0] AndroidManifest.xml:90:13-104
241            android:directBootAware="false"
241-->[androidx.work:work-runtime:2.9.0] AndroidManifest.xml:91:13-44
242            android:enabled="false"
242-->[androidx.work:work-runtime:2.9.0] AndroidManifest.xml:92:13-36
243            android:exported="false" >
243-->[androidx.work:work-runtime:2.9.0] AndroidManifest.xml:93:13-37
244            <intent-filter>
244-->[androidx.work:work-runtime:2.9.0] AndroidManifest.xml:95:13-98:29
245                <action android:name="android.intent.action.DEVICE_STORAGE_LOW" />
245-->[androidx.work:work-runtime:2.9.0] AndroidManifest.xml:96:17-83
245-->[androidx.work:work-runtime:2.9.0] AndroidManifest.xml:96:25-80
246                <action android:name="android.intent.action.DEVICE_STORAGE_OK" />
246-->[androidx.work:work-runtime:2.9.0] AndroidManifest.xml:97:17-82
246-->[androidx.work:work-runtime:2.9.0] AndroidManifest.xml:97:25-79
247            </intent-filter>
248        </receiver>
249        <receiver
249-->[androidx.work:work-runtime:2.9.0] AndroidManifest.xml:100:9-109:20
250            android:name="androidx.work.impl.background.systemalarm.ConstraintProxy$NetworkStateProxy"
250-->[androidx.work:work-runtime:2.9.0] AndroidManifest.xml:101:13-103
251            android:directBootAware="false"
251-->[androidx.work:work-runtime:2.9.0] AndroidManifest.xml:102:13-44
252            android:enabled="false"
252-->[androidx.work:work-runtime:2.9.0] AndroidManifest.xml:103:13-36
253            android:exported="false" >
253-->[androidx.work:work-runtime:2.9.0] AndroidManifest.xml:104:13-37
254            <intent-filter>
254-->[androidx.work:work-runtime:2.9.0] AndroidManifest.xml:106:13-108:29
255                <action android:name="android.net.conn.CONNECTIVITY_CHANGE" />
255-->[androidx.work:work-runtime:2.9.0] AndroidManifest.xml:107:17-79
255-->[androidx.work:work-runtime:2.9.0] AndroidManifest.xml:107:25-76
256            </intent-filter>
257        </receiver>
258        <receiver
258-->[androidx.work:work-runtime:2.9.0] AndroidManifest.xml:110:9-121:20
259            android:name="androidx.work.impl.background.systemalarm.RescheduleReceiver"
259-->[androidx.work:work-runtime:2.9.0] AndroidManifest.xml:111:13-88
260            android:directBootAware="false"
260-->[androidx.work:work-runtime:2.9.0] AndroidManifest.xml:112:13-44
261            android:enabled="false"
261-->[androidx.work:work-runtime:2.9.0] AndroidManifest.xml:113:13-36
262            android:exported="false" >
262-->[androidx.work:work-runtime:2.9.0] AndroidManifest.xml:114:13-37
263            <intent-filter>
263-->[androidx.work:work-runtime:2.9.0] AndroidManifest.xml:116:13-120:29
264                <action android:name="android.intent.action.BOOT_COMPLETED" />
264-->src/main/AndroidManifest.xml:72:17-79
264-->src/main/AndroidManifest.xml:72:25-76
265                <action android:name="android.intent.action.TIME_SET" />
265-->[androidx.work:work-runtime:2.9.0] AndroidManifest.xml:118:17-73
265-->[androidx.work:work-runtime:2.9.0] AndroidManifest.xml:118:25-70
266                <action android:name="android.intent.action.TIMEZONE_CHANGED" />
266-->[androidx.work:work-runtime:2.9.0] AndroidManifest.xml:119:17-81
266-->[androidx.work:work-runtime:2.9.0] AndroidManifest.xml:119:25-78
267            </intent-filter>
268        </receiver>
269        <receiver
269-->[androidx.work:work-runtime:2.9.0] AndroidManifest.xml:122:9-131:20
270            android:name="androidx.work.impl.background.systemalarm.ConstraintProxyUpdateReceiver"
270-->[androidx.work:work-runtime:2.9.0] AndroidManifest.xml:123:13-99
271            android:directBootAware="false"
271-->[androidx.work:work-runtime:2.9.0] AndroidManifest.xml:124:13-44
272            android:enabled="@bool/enable_system_alarm_service_default"
272-->[androidx.work:work-runtime:2.9.0] AndroidManifest.xml:125:13-72
273            android:exported="false" >
273-->[androidx.work:work-runtime:2.9.0] AndroidManifest.xml:126:13-37
274            <intent-filter>
274-->[androidx.work:work-runtime:2.9.0] AndroidManifest.xml:128:13-130:29
275                <action android:name="androidx.work.impl.background.systemalarm.UpdateProxies" />
275-->[androidx.work:work-runtime:2.9.0] AndroidManifest.xml:129:17-98
275-->[androidx.work:work-runtime:2.9.0] AndroidManifest.xml:129:25-95
276            </intent-filter>
277        </receiver>
278        <receiver
278-->[androidx.work:work-runtime:2.9.0] AndroidManifest.xml:132:9-142:20
279            android:name="androidx.work.impl.diagnostics.DiagnosticsReceiver"
279-->[androidx.work:work-runtime:2.9.0] AndroidManifest.xml:133:13-78
280            android:directBootAware="false"
280-->[androidx.work:work-runtime:2.9.0] AndroidManifest.xml:134:13-44
281            android:enabled="true"
281-->[androidx.work:work-runtime:2.9.0] AndroidManifest.xml:135:13-35
282            android:exported="true"
282-->[androidx.work:work-runtime:2.9.0] AndroidManifest.xml:136:13-36